<?xml version="1.0" encoding="UTF-8"?>
<!-- Generated by org.testng.reporters.JUnitXMLReporter -->
<testsuite ignored="0" hostname="RameshCh" failures="0" tests="7" name="Opencart Loginpage Test" time="54.573" errors="0" timestamp="2024-06-22T19:38:18 MST">
  <testcase classname="com.testcases.TS_02_Verify_Opencart_LoginPageTests" name="loginPageTitleTest" time="0.003"/>
  <testcase classname="com.testcases.TS_02_Verify_Opencart_LoginPageTests" name="loginTest" time="2.599"/>
  <testcase classname="com.testcases.TS_02_Verify_Opencart_LoginPageTests" name="navigateToForgotPasswordPageTest" time="2.978"/>
  <testcase classname="com.testcases.TS_02_Verify_Opencart_LoginPageTests" name="navigateToRegisterPageTest" time="3.496"/>
  <testcase classname="com.testcases.TS_02_Verify_Opencart_LoginPageTests" name="verifyLoginBreadCrumbExists" time="0.009"/>
  <testcase classname="com.testcases.TS_02_Verify_Opencart_LoginPageTests" name="verifyNewCustomerHeaderExists" time="0.015"/>
  <testcase classname="com.testcases.TS_02_Verify_Opencart_LoginPageTests" name="verifyReturningCustomerHeaderExists" time="0.011"/>
</testsuite> <!-- Opencart Loginpage Test -->
