<?xml version="1.0" encoding="UTF-8"?>
<!-- Generated by org.testng.reporters.JUnitXMLReporter -->
<testsuite ignored="0" hostname="RameshCh" failures="1" tests="9" name="Opencart Homepage Test" time="50.274" errors="0" timestamp="2024-06-22T19:38:14 MST">
  <testcase classname="com.testcases.TS_01_Verify_Opencart_HomePageTests" name="homePageTitleTest" time="0.036">
    <failure type="java.lang.AssertionError" message="expected [Your Store] but found []">
      <![CDATA[java.lang.AssertionError: expected [Your Store] but found []
at com.testcases.TS_01_Verify_Opencart_HomePageTests.homePageTitleTest(TS_01_Verify_Opencart_HomePageTests.java:16)
at java.base/java.util.ArrayList.forEach(ArrayList.java:1511)
at java.base/java.util.concurrent.FutureTask.run(FutureTask.java:264)
at java.base/java.util.concurrent.ThreadPoolExecutor.runWorker(ThreadPoolExecutor.java:1136)
at java.base/java.util.concurrent.ThreadPoolExecutor$Worker.run(ThreadPoolExecutor.java:635)
at java.base/java.lang.Thread.run(Thread.java:842)
... Removed 23 stack frames]]>
    </failure>
  </testcase> <!-- homePageTitleTest -->
  <testcase classname="com.testcases.TS_01_Verify_Opencart_HomePageTests" name="homePageURLTest" time="0.001"/>
  <testcase classname="com.testcases.TS_01_Verify_Opencart_HomePageTests" name="navigateToRegisterPageTest" time="4.767"/>
  <testcase classname="com.testcases.TS_01_Verify_Opencart_HomePageTests" name="verifyOpenCartLogoTest" time="0.073"/>
  <testcase classname="com.testcases.TS_01_Verify_Opencart_HomePageTests" name="featuredSectioncardsCountTest" time="0.038"/>
  <testcase classname="com.testcases.TS_01_Verify_Opencart_HomePageTests" name="navigateToLoginPageTest" time="3.142"/>
  <testcase classname="com.testcases.TS_01_Verify_Opencart_HomePageTests" name="searchTest" time="1.924"/>
  <testcase classname="com.testcases.TS_01_Verify_Opencart_HomePageTests" name="searchTest" time="1.604"/>
  <testcase classname="com.testcases.TS_01_Verify_Opencart_HomePageTests" name="searchTest" time="1.996"/>
</testsuite> <!-- Opencart Homepage Test -->
