<?xml version="1.0" encoding="UTF-8"?>
<testsuite xmlns:xsi="http://www.w3.org/2001/XMLSchema-instance" xsi:schemaLocation="https://maven.apache.org/surefire/maven-surefire-plugin/xsd/surefire-test-report.xsd" name="TestSuite" time="57.239" tests="17" errors="0" skipped="0" failures="1">
  <properties>
[...]
</properties>
  <testcase name="homePageTitleTest" classname="com.testcases.TS_01_Verify_Opencart_HomePageTests" time="0.048">
    <failure message="expected [Your Store] but found []" type="java.lang.AssertionError">java.lang.AssertionError: expected [Your Store] but found []
	at com.testcases.TS_01_Verify_Opencart_HomePageTests.homePageTitleTest(TS_01_Verify_Opencart_HomePageTests.java:16)
</failure>
    <system-out><![CDATA[...
... TestNG 7.10.2 by Cédric Beust (cedric@beust.com)
...

&amp#27;[33m[2024-Jun-22 19:37:28.615 MST]&amp#27;[m &amp#27;[37m[Thread ID: 26]&amp#27;[m &amp#27;[94m[PlaywrightFactory.getBrowser]&amp#27;[m &amp#27;[32m[INFO]&amp#27;[m Browser Selected for Test Execution 'chrome' with headless mode as 'true'
&amp#27;[33m[2024-Jun-22 19:37:28.930 MST]&amp#27;[m &amp#27;[37m[Thread ID: 25]&amp#27;[m &amp#27;[94m[PlaywrightFactory.getBrowser]&amp#27;[m &amp#27;[32m[INFO]&amp#27;[m Browser Selected for Test Execution 'chrome' with headless mode as 'true'
&amp#27;[33m[2024-Jun-22 19:37:28.974 MST]&amp#27;[m &amp#27;[37m[Thread ID: 26]&amp#27;[m &amp#27;[94m[PlaywrightFactory.getBrowserContext]&amp#27;[m &amp#27;[32m[INFO]&amp#27;[m Browser Context - Viewport Width '1280' and Height '720'
&amp#27;[33m[2024-Jun-22 19:37:29.297 MST]&amp#27;[m &amp#27;[37m[Thread ID: 27]&amp#27;[m &amp#27;[94m[PlaywrightFactory.getBrowser]&amp#27;[m &amp#27;[32m[INFO]&amp#27;[m Browser Selected for Test Execution 'chrome' with headless mode as 'true'
&amp#27;[33m[2024-Jun-22 19:37:29.349 MST]&amp#27;[m &amp#27;[37m[Thread ID: 25]&amp#27;[m &amp#27;[94m[PlaywrightFactory.getBrowserContext]&amp#27;[m &amp#27;[32m[INFO]&amp#27;[m Browser Context - Viewport Width '1280' and Height '720'
&amp#27;[33m[2024-Jun-22 19:37:29.645 MST]&amp#27;[m &amp#27;[37m[Thread ID: 27]&amp#27;[m &amp#27;[94m[PlaywrightFactory.getBrowserContext]&amp#27;[m &amp#27;[32m[INFO]&amp#27;[m Browser Context - Viewport Width '1280' and Height '720'
]]></system-out>
    <system-err><![CDATA[SLF4J: Failed to load class "org.slf4j.impl.StaticLoggerBinder".
SLF4J: Defaulting to no-operation (NOP) logger implementation
SLF4J: See http://www.slf4j.org/codes.html#StaticLoggerBinder for further details.
]]></system-err>
  </testcase>
  <testcase name="homePageURLTest" classname="com.testcases.TS_01_Verify_Opencart_HomePageTests" time="0.001"/>
  <testcase name="loginPageTitleTest" classname="com.testcases.TS_02_Verify_Opencart_LoginPageTests" time="0.004"/>
  <testcase name="registerNewAccountTest" classname="com.testcases.TS_03_Verify_Opencart_RegisterPageTests" time="2.017"/>
  <testcase name="navigateToRegisterPageTest" classname="com.testcases.TS_01_Verify_Opencart_HomePageTests" time="1.3"/>
  <testcase name="loginTest" classname="com.testcases.TS_02_Verify_Opencart_LoginPageTests" time="2.598"/>
  <testcase name="verifyOpenCartLogoTest" classname="com.testcases.TS_01_Verify_Opencart_HomePageTests" time="0.072"/>
  <testcase name="featuredSectioncardsCountTest" classname="com.testcases.TS_01_Verify_Opencart_HomePageTests" time="0.037"/>
  <testcase name="navigateToForgotPasswordPageTest" classname="com.testcases.TS_02_Verify_Opencart_LoginPageTests" time="0.029"/>
  <testcase name="navigateToLoginPageTest" classname="com.testcases.TS_01_Verify_Opencart_HomePageTests" time="3.142"/>
  <testcase name="navigateToRegisterPageTest" classname="com.testcases.TS_02_Verify_Opencart_LoginPageTests" time="1.628"/>
  <testcase name="searchTest" classname="com.testcases.TS_01_Verify_Opencart_HomePageTests" time="1.923"/>
  <testcase name="searchTest" classname="com.testcases.TS_01_Verify_Opencart_HomePageTests" time="0.677"/>
  <testcase name="searchTest" classname="com.testcases.TS_01_Verify_Opencart_HomePageTests" time="0.954"/>
  <testcase name="verifyLoginBreadCrumbExists" classname="com.testcases.TS_02_Verify_Opencart_LoginPageTests" time="0.009"/>
  <testcase name="verifyNewCustomerHeaderExists" classname="com.testcases.TS_02_Verify_Opencart_LoginPageTests" time="0.015"/>
  <testcase name="verifyReturningCustomerHeaderExists" classname="com.testcases.TS_02_Verify_Opencart_LoginPageTests" time="0.01"/>
</testsuite>