-------------------------------------------------------------------------------
Test set: TestSuite
-------------------------------------------------------------------------------
Tests run: 17, Failures: 1, Errors: 0, Skipped: 0, Time elapsed: 57.239 sec <<< FAILURE! - in TestSuite
homePageTitleTest(com.testcases.TS_01_Verify_Opencart_HomePageTests)  Time elapsed: 0.048 sec  <<< FAILURE!
java.lang.AssertionError: expected [Your Store] but found []
	at com.testcases.TS_01_Verify_Opencart_HomePageTests.homePageTitleTest(TS_01_Verify_Opencart_HomePageTests.java:16)

